<?xml version="1.0" encoding="UTF-8"?>
<testng-results ignored="0" total="2" passed="2" failed="0" skipped="0">
  <reporter-output>
  </reporter-output>
  <suite started-at="2025-08-15T20:37:52 IST" name="Demoblaze Test Suite" finished-at="2025-08-15T20:39:19 IST" duration-ms="87662">
    <groups>
    </groups>
    <test started-at="2025-08-15T20:37:52 IST" name="Demoblaze Tests" finished-at="2025-08-15T20:39:19 IST" duration-ms="87662">
      <class name="com.demoblaze.tests.LoginTests">
        <test-method is-config="true" signature="setUp()[pri:0, instance:com.demoblaze.tests.LoginTests@1ce24091]" started-at="2025-08-15T20:38:39 IST" name="setUp" finished-at="2025-08-15T20:38:55 IST" duration-ms="15829" status="PASS">
          <reporter-output>
          </reporter-output>
        </test-method> <!-- setUp -->
        <test-method signature="testLoginWithValidCredentials()[pri:0, instance:com.demoblaze.tests.LoginTests@1ce24091]" started-at="2025-08-15T20:38:55 IST" name="testLoginWithValidCredentials" finished-at="2025-08-15T20:39:18 IST" duration-ms="23504" status="PASS">
          <reporter-output>
          </reporter-output>
        </test-method> <!-- testLoginWithValidCredentials -->
        <test-method is-config="true" signature="tearDown()[pri:0, instance:com.demoblaze.tests.LoginTests@1ce24091]" started-at="2025-08-15T20:39:18 IST" name="tearDown" finished-at="2025-08-15T20:39:19 IST" duration-ms="847" status="PASS">
          <reporter-output>
          </reporter-output>
        </test-method> <!-- tearDown -->
      </class> <!-- com.demoblaze.tests.LoginTests -->
      <class name="com.demoblaze.tests.SignUpTests">
        <test-method is-config="true" signature="setUp()[pri:0, instance:com.demoblaze.tests.SignUpTests@2d1ef81a]" started-at="2025-08-15T20:37:52 IST" name="setUp" finished-at="2025-08-15T20:38:20 IST" duration-ms="28327" status="PASS">
          <reporter-output>
          </reporter-output>
        </test-method> <!-- setUp -->
        <test-method signature="testSignUpWithNewUser()[pri:0, instance:com.demoblaze.tests.SignUpTests@2d1ef81a]" started-at="2025-08-15T20:38:20 IST" name="testSignUpWithNewUser" finished-at="2025-08-15T20:38:37 IST" duration-ms="16849" status="PASS">
          <reporter-output>
          </reporter-output>
        </test-method> <!-- testSignUpWithNewUser -->
        <test-method is-config="true" signature="tearDown()[pri:0, instance:com.demoblaze.tests.SignUpTests@2d1ef81a]" started-at="2025-08-15T20:38:37 IST" name="tearDown" finished-at="2025-08-15T20:38:39 IST" duration-ms="2077" status="PASS">
          <reporter-output>
          </reporter-output>
        </test-method> <!-- tearDown -->
      </class> <!-- com.demoblaze.tests.SignUpTests -->
    </test> <!-- Demoblaze Tests -->
  </suite> <!-- Demoblaze Test Suite -->
</testng-results>
